2022 9 0: 14:07:42- 
Event - Program is running
2022 9 0: 14:07:42- 
Event - File has opened
2022 9 0: 14:07:44- 
Event - The user has entered: 10
2022 9 0: 14:07:44- 
Event - End of Program
2022 9 11: 14:09:31- 
Event - Program is running
2022 9 11: 14:09:31- 
Event - File has opened
2022 9 11: 14:09:32- 
Event - The user has entered: 13
2022 9 11: 14:09:32- 
Event - End of Program
2022 9 11: 14:13:36- Event - Program is running
2022 9 11: 14:13:36- Event - File has opened
2022 9 11: 14:13:38- Event - The user has entered: 6
2022 9 11: 14:13:38- Event - End of Program
